{"timestamp":"2025-12-18T10:01:39.693074Z","level":"info","event":"Filling up the DagBag from /opt/airflow/dags/lakehouse.py","logger":"airflow.models.dagbag.DagBag","filename":"dagbag.py","lineno":593}
{"timestamp":"2025-12-18T10:01:39.704434Z","level":"error","event":"Failed to import: /opt/airflow/dags/lakehouse.py","logger":"airflow.models.dagbag.DagBag","filename":"dagbag.py","lineno":415,"error_detail":[{"exc_type":"TypeError","exc_value":"DAG.__init__() got an unexpected keyword argument 'schedule_interval'","exc_notes":[],"syntax_error":null,"is_cause":false,"frames":[{"filename":"/home/airflow/.local/lib/python3.12/site-packages/airflow/models/dagbag.py","lineno":405,"name":"parse"},{"filename":"<frozen importlib._bootstrap_external>","lineno":999,"name":"exec_module"},{"filename":"<frozen importlib._bootstrap>","lineno":488,"name":"_call_with_frames_removed"},{"filename":"/opt/airflow/dags/lakehouse.py","lineno":6,"name":"<module>"}],"is_group":false,"exceptions":[]}]}
{"timestamp":"2025-12-18T10:02:10.220618Z","level":"info","event":"Filling up the DagBag from /opt/airflow/dags/lakehouse.py","logger":"airflow.models.dagbag.DagBag","filename":"dagbag.py","lineno":593}
{"timestamp":"2025-12-18T10:02:10.228802Z","level":"error","event":"Failed to import: /opt/airflow/dags/lakehouse.py","logger":"airflow.models.dagbag.DagBag","filename":"dagbag.py","lineno":415,"error_detail":[{"exc_type":"TypeError","exc_value":"DAG.__init__() got an unexpected keyword argument 'schedule_interval'","exc_notes":[],"syntax_error":null,"is_cause":false,"frames":[{"filename":"/home/airflow/.local/lib/python3.12/site-packages/airflow/models/dagbag.py","lineno":405,"name":"parse"},{"filename":"<frozen importlib._bootstrap_external>","lineno":999,"name":"exec_module"},{"filename":"<frozen importlib._bootstrap>","lineno":488,"name":"_call_with_frames_removed"},{"filename":"/opt/airflow/dags/lakehouse.py","lineno":6,"name":"<module>"}],"is_group":false,"exceptions":[]}]}
{"timestamp":"2025-12-18T10:02:40.568596Z","level":"info","event":"Filling up the DagBag from /opt/airflow/dags/lakehouse.py","logger":"airflow.models.dagbag.DagBag","filename":"dagbag.py","lineno":593}
{"timestamp":"2025-12-18T10:02:40.578214Z","level":"error","event":"Failed to import: /opt/airflow/dags/lakehouse.py","logger":"airflow.models.dagbag.DagBag","filename":"dagbag.py","lineno":415,"error_detail":[{"exc_type":"TypeError","exc_value":"DAG.__init__() got an unexpected keyword argument 'schedule_interval'","exc_notes":[],"syntax_error":null,"is_cause":false,"frames":[{"filename":"/home/airflow/.local/lib/python3.12/site-packages/airflow/models/dagbag.py","lineno":405,"name":"parse"},{"filename":"<frozen importlib._bootstrap_external>","lineno":999,"name":"exec_module"},{"filename":"<frozen importlib._bootstrap>","lineno":488,"name":"_call_with_frames_removed"},{"filename":"/opt/airflow/dags/lakehouse.py","lineno":6,"name":"<module>"}],"is_group":false,"exceptions":[]}]}
{"timestamp":"2025-12-18T10:03:11.018606Z","level":"info","event":"Filling up the DagBag from /opt/airflow/dags/lakehouse.py","logger":"airflow.models.dagbag.DagBag","filename":"dagbag.py","lineno":593}
{"timestamp":"2025-12-18T10:03:11.022880Z","level":"error","event":"Failed to import: /opt/airflow/dags/lakehouse.py","logger":"airflow.models.dagbag.DagBag","filename":"dagbag.py","lineno":415,"error_detail":[{"exc_type":"TypeError","exc_value":"DAG.__init__() got an unexpected keyword argument 'schedule_interval'","exc_notes":[],"syntax_error":null,"is_cause":false,"frames":[{"filename":"/home/airflow/.local/lib/python3.12/site-packages/airflow/models/dagbag.py","lineno":405,"name":"parse"},{"filename":"<frozen importlib._bootstrap_external>","lineno":999,"name":"exec_module"},{"filename":"<frozen importlib._bootstrap>","lineno":488,"name":"_call_with_frames_removed"},{"filename":"/opt/airflow/dags/lakehouse.py","lineno":6,"name":"<module>"}],"is_group":false,"exceptions":[]}]}
{"timestamp":"2025-12-18T10:03:41.423101Z","level":"info","event":"Filling up the DagBag from /opt/airflow/dags/lakehouse.py","logger":"airflow.models.dagbag.DagBag","filename":"dagbag.py","lineno":593}
{"timestamp":"2025-12-18T10:03:41.427821Z","level":"error","event":"Failed to import: /opt/airflow/dags/lakehouse.py","logger":"airflow.models.dagbag.DagBag","filename":"dagbag.py","lineno":415,"error_detail":[{"exc_type":"TypeError","exc_value":"DAG.__init__() got an unexpected keyword argument 'schedule_interval'","exc_notes":[],"syntax_error":null,"is_cause":false,"frames":[{"filename":"/home/airflow/.local/lib/python3.12/site-packages/airflow/models/dagbag.py","lineno":405,"name":"parse"},{"filename":"<frozen importlib._bootstrap_external>","lineno":999,"name":"exec_module"},{"filename":"<frozen importlib._bootstrap>","lineno":488,"name":"_call_with_frames_removed"},{"filename":"/opt/airflow/dags/lakehouse.py","lineno":6,"name":"<module>"}],"is_group":false,"exceptions":[]}]}
{"timestamp":"2025-12-18T10:04:11.855270Z","level":"info","event":"Filling up the DagBag from /opt/airflow/dags/lakehouse.py","logger":"airflow.models.dagbag.DagBag","filename":"dagbag.py","lineno":593}
{"timestamp":"2025-12-18T10:04:11.860064Z","level":"error","event":"Failed to import: /opt/airflow/dags/lakehouse.py","logger":"airflow.models.dagbag.DagBag","filename":"dagbag.py","lineno":415,"error_detail":[{"exc_type":"TypeError","exc_value":"DAG.__init__() got an unexpected keyword argument 'schedule_interval'","exc_notes":[],"syntax_error":null,"is_cause":false,"frames":[{"filename":"/home/airflow/.local/lib/python3.12/site-packages/airflow/models/dagbag.py","lineno":405,"name":"parse"},{"filename":"<frozen importlib._bootstrap_external>","lineno":999,"name":"exec_module"},{"filename":"<frozen importlib._bootstrap>","lineno":488,"name":"_call_with_frames_removed"},{"filename":"/opt/airflow/dags/lakehouse.py","lineno":6,"name":"<module>"}],"is_group":false,"exceptions":[]}]}
{"timestamp":"2025-12-18T10:04:42.321260Z","level":"info","event":"Filling up the DagBag from /opt/airflow/dags/lakehouse.py","logger":"airflow.models.dagbag.DagBag","filename":"dagbag.py","lineno":593}
{"timestamp":"2025-12-18T10:04:42.324776Z","level":"error","event":"Failed to import: /opt/airflow/dags/lakehouse.py","logger":"airflow.models.dagbag.DagBag","filename":"dagbag.py","lineno":415,"error_detail":[{"exc_type":"TypeError","exc_value":"DAG.__init__() got an unexpected keyword argument 'schedule_interval'","exc_notes":[],"syntax_error":null,"is_cause":false,"frames":[{"filename":"/home/airflow/.local/lib/python3.12/site-packages/airflow/models/dagbag.py","lineno":405,"name":"parse"},{"filename":"<frozen importlib._bootstrap_external>","lineno":999,"name":"exec_module"},{"filename":"<frozen importlib._bootstrap>","lineno":488,"name":"_call_with_frames_removed"},{"filename":"/opt/airflow/dags/lakehouse.py","lineno":6,"name":"<module>"}],"is_group":false,"exceptions":[]}]}
{"timestamp":"2025-12-18T10:05:12.736260Z","level":"info","event":"Filling up the DagBag from /opt/airflow/dags/lakehouse.py","logger":"airflow.models.dagbag.DagBag","filename":"dagbag.py","lineno":593}
{"timestamp":"2025-12-18T10:05:12.740705Z","level":"error","event":"Failed to import: /opt/airflow/dags/lakehouse.py","logger":"airflow.models.dagbag.DagBag","filename":"dagbag.py","lineno":415,"error_detail":[{"exc_type":"TypeError","exc_value":"DAG.__init__() got an unexpected keyword argument 'schedule_interval'","exc_notes":[],"syntax_error":null,"is_cause":false,"frames":[{"filename":"/home/airflow/.local/lib/python3.12/site-packages/airflow/models/dagbag.py","lineno":405,"name":"parse"},{"filename":"<frozen importlib._bootstrap_external>","lineno":999,"name":"exec_module"},{"filename":"<frozen importlib._bootstrap>","lineno":488,"name":"_call_with_frames_removed"},{"filename":"/opt/airflow/dags/lakehouse.py","lineno":6,"name":"<module>"}],"is_group":false,"exceptions":[]}]}
{"timestamp":"2025-12-18T10:05:43.125788Z","level":"info","event":"Filling up the DagBag from /opt/airflow/dags/lakehouse.py","logger":"airflow.models.dagbag.DagBag","filename":"dagbag.py","lineno":593}
{"timestamp":"2025-12-18T10:05:43.132071Z","level":"error","event":"Failed to import: /opt/airflow/dags/lakehouse.py","logger":"airflow.models.dagbag.DagBag","filename":"dagbag.py","lineno":415,"error_detail":[{"exc_type":"TypeError","exc_value":"DAG.__init__() got an unexpected keyword argument 'schedule_interval'","exc_notes":[],"syntax_error":null,"is_cause":false,"frames":[{"filename":"/home/airflow/.local/lib/python3.12/site-packages/airflow/models/dagbag.py","lineno":405,"name":"parse"},{"filename":"<frozen importlib._bootstrap_external>","lineno":999,"name":"exec_module"},{"filename":"<frozen importlib._bootstrap>","lineno":488,"name":"_call_with_frames_removed"},{"filename":"/opt/airflow/dags/lakehouse.py","lineno":6,"name":"<module>"}],"is_group":false,"exceptions":[]}]}
{"timestamp":"2025-12-18T10:06:13.506719Z","level":"info","event":"Filling up the DagBag from /opt/airflow/dags/lakehouse.py","logger":"airflow.models.dagbag.DagBag","filename":"dagbag.py","lineno":593}
{"timestamp":"2025-12-18T10:06:13.511403Z","level":"error","event":"Failed to import: /opt/airflow/dags/lakehouse.py","logger":"airflow.models.dagbag.DagBag","filename":"dagbag.py","lineno":415,"error_detail":[{"exc_type":"TypeError","exc_value":"DAG.__init__() got an unexpected keyword argument 'schedule_interval'","exc_notes":[],"syntax_error":null,"is_cause":false,"frames":[{"filename":"/home/airflow/.local/lib/python3.12/site-packages/airflow/models/dagbag.py","lineno":405,"name":"parse"},{"filename":"<frozen importlib._bootstrap_external>","lineno":999,"name":"exec_module"},{"filename":"<frozen importlib._bootstrap>","lineno":488,"name":"_call_with_frames_removed"},{"filename":"/opt/airflow/dags/lakehouse.py","lineno":6,"name":"<module>"}],"is_group":false,"exceptions":[]}]}
{"timestamp":"2025-12-18T10:06:43.830138Z","level":"info","event":"Filling up the DagBag from /opt/airflow/dags/lakehouse.py","logger":"airflow.models.dagbag.DagBag","filename":"dagbag.py","lineno":593}
{"timestamp":"2025-12-18T10:06:43.833935Z","level":"error","event":"Failed to import: /opt/airflow/dags/lakehouse.py","logger":"airflow.models.dagbag.DagBag","filename":"dagbag.py","lineno":415,"error_detail":[{"exc_type":"TypeError","exc_value":"DAG.__init__() got an unexpected keyword argument 'schedule_interval'","exc_notes":[],"syntax_error":null,"is_cause":false,"frames":[{"filename":"/home/airflow/.local/lib/python3.12/site-packages/airflow/models/dagbag.py","lineno":405,"name":"parse"},{"filename":"<frozen importlib._bootstrap_external>","lineno":999,"name":"exec_module"},{"filename":"<frozen importlib._bootstrap>","lineno":488,"name":"_call_with_frames_removed"},{"filename":"/opt/airflow/dags/lakehouse.py","lineno":6,"name":"<module>"}],"is_group":false,"exceptions":[]}]}
{"timestamp":"2025-12-18T10:07:14.245530Z","level":"info","event":"Filling up the DagBag from /opt/airflow/dags/lakehouse.py","logger":"airflow.models.dagbag.DagBag","filename":"dagbag.py","lineno":593}
{"timestamp":"2025-12-18T10:07:14.250193Z","level":"error","event":"Failed to import: /opt/airflow/dags/lakehouse.py","logger":"airflow.models.dagbag.DagBag","filename":"dagbag.py","lineno":415,"error_detail":[{"exc_type":"TypeError","exc_value":"DAG.__init__() got an unexpected keyword argument 'schedule_interval'","exc_notes":[],"syntax_error":null,"is_cause":false,"frames":[{"filename":"/home/airflow/.local/lib/python3.12/site-packages/airflow/models/dagbag.py","lineno":405,"name":"parse"},{"filename":"<frozen importlib._bootstrap_external>","lineno":999,"name":"exec_module"},{"filename":"<frozen importlib._bootstrap>","lineno":488,"name":"_call_with_frames_removed"},{"filename":"/opt/airflow/dags/lakehouse.py","lineno":6,"name":"<module>"}],"is_group":false,"exceptions":[]}]}
{"timestamp":"2025-12-18T10:07:20.380322Z","level":"info","event":"Filling up the DagBag from /opt/airflow/dags/lakehouse.py","logger":"airflow.models.dagbag.DagBag","filename":"dagbag.py","lineno":593}
{"timestamp":"2025-12-18T10:07:20.388917Z","level":"error","event":"Failed to import: /opt/airflow/dags/lakehouse.py","logger":"airflow.models.dagbag.DagBag","filename":"dagbag.py","lineno":415,"error_detail":[{"exc_type":"TypeError","exc_value":"DAG.__init__() got an unexpected keyword argument 'schedule_interval'","exc_notes":[],"syntax_error":null,"is_cause":false,"frames":[{"filename":"/home/airflow/.local/lib/python3.12/site-packages/airflow/models/dagbag.py","lineno":405,"name":"parse"},{"filename":"<frozen importlib._bootstrap_external>","lineno":999,"name":"exec_module"},{"filename":"<frozen importlib._bootstrap>","lineno":488,"name":"_call_with_frames_removed"},{"filename":"/opt/airflow/dags/lakehouse.py","lineno":6,"name":"<module>"}],"is_group":false,"exceptions":[]}]}
{"timestamp":"2025-12-18T10:07:34.624939Z","level":"info","event":"Filling up the DagBag from /opt/airflow/dags/lakehouse.py","logger":"airflow.models.dagbag.DagBag","filename":"dagbag.py","lineno":593}
{"timestamp":"2025-12-18T10:07:34.630662Z","level":"error","event":"Failed to import: /opt/airflow/dags/lakehouse.py","logger":"airflow.models.dagbag.DagBag","filename":"dagbag.py","lineno":415,"error_detail":[{"exc_type":"TypeError","exc_value":"DAG.__init__() got an unexpected keyword argument 'retries'","exc_notes":[],"syntax_error":null,"is_cause":false,"frames":[{"filename":"/home/airflow/.local/lib/python3.12/site-packages/airflow/models/dagbag.py","lineno":405,"name":"parse"},{"filename":"<frozen importlib._bootstrap_external>","lineno":999,"name":"exec_module"},{"filename":"<frozen importlib._bootstrap>","lineno":488,"name":"_call_with_frames_removed"},{"filename":"/opt/airflow/dags/lakehouse.py","lineno":6,"name":"<module>"}],"is_group":false,"exceptions":[]}]}
{"timestamp":"2025-12-18T10:07:53.918333Z","level":"info","event":"Filling up the DagBag from /opt/airflow/dags/lakehouse.py","logger":"airflow.models.dagbag.DagBag","filename":"dagbag.py","lineno":593}
{"timestamp":"2025-12-18T10:08:24.580977Z","level":"info","event":"Filling up the DagBag from /opt/airflow/dags/lakehouse.py","logger":"airflow.models.dagbag.DagBag","filename":"dagbag.py","lineno":593}
{"timestamp":"2025-12-18T10:08:54.895727Z","level":"info","event":"Filling up the DagBag from /opt/airflow/dags/lakehouse.py","logger":"airflow.models.dagbag.DagBag","filename":"dagbag.py","lineno":593}
{"timestamp":"2025-12-18T10:09:25.273018Z","level":"info","event":"Filling up the DagBag from /opt/airflow/dags/lakehouse.py","logger":"airflow.models.dagbag.DagBag","filename":"dagbag.py","lineno":593}
{"timestamp":"2025-12-18T10:09:55.673088Z","level":"info","event":"Filling up the DagBag from /opt/airflow/dags/lakehouse.py","logger":"airflow.models.dagbag.DagBag","filename":"dagbag.py","lineno":593}
{"timestamp":"2025-12-18T10:10:26.067371Z","level":"info","event":"Filling up the DagBag from /opt/airflow/dags/lakehouse.py","logger":"airflow.models.dagbag.DagBag","filename":"dagbag.py","lineno":593}
{"timestamp":"2025-12-18T10:10:56.524818Z","level":"info","event":"Filling up the DagBag from /opt/airflow/dags/lakehouse.py","logger":"airflow.models.dagbag.DagBag","filename":"dagbag.py","lineno":593}
{"timestamp":"2025-12-18T10:11:26.907688Z","level":"info","event":"Filling up the DagBag from /opt/airflow/dags/lakehouse.py","logger":"airflow.models.dagbag.DagBag","filename":"dagbag.py","lineno":593}
{"timestamp":"2025-12-18T10:11:57.243287Z","level":"info","event":"Filling up the DagBag from /opt/airflow/dags/lakehouse.py","logger":"airflow.models.dagbag.DagBag","filename":"dagbag.py","lineno":593}
{"timestamp":"2025-12-18T10:12:27.703407Z","level":"info","event":"Filling up the DagBag from /opt/airflow/dags/lakehouse.py","logger":"airflow.models.dagbag.DagBag","filename":"dagbag.py","lineno":593}
{"timestamp":"2025-12-18T10:12:58.231905Z","level":"info","event":"Filling up the DagBag from /opt/airflow/dags/lakehouse.py","logger":"airflow.models.dagbag.DagBag","filename":"dagbag.py","lineno":593}
{"timestamp":"2025-12-18T10:13:28.592211Z","level":"info","event":"Filling up the DagBag from /opt/airflow/dags/lakehouse.py","logger":"airflow.models.dagbag.DagBag","filename":"dagbag.py","lineno":593}
{"timestamp":"2025-12-18T10:13:43.819764Z","level":"info","event":"Filling up the DagBag from /opt/airflow/dags/lakehouse.py","logger":"airflow.models.dagbag.DagBag","filename":"dagbag.py","lineno":593}
{"timestamp":"2025-12-18T10:14:14.226734Z","level":"info","event":"Filling up the DagBag from /opt/airflow/dags/lakehouse.py","logger":"airflow.models.dagbag.DagBag","filename":"dagbag.py","lineno":593}
{"timestamp":"2025-12-18T10:14:44.568397Z","level":"info","event":"Filling up the DagBag from /opt/airflow/dags/lakehouse.py","logger":"airflow.models.dagbag.DagBag","filename":"dagbag.py","lineno":593}
{"timestamp":"2025-12-18T10:15:14.896357Z","level":"info","event":"Filling up the DagBag from /opt/airflow/dags/lakehouse.py","logger":"airflow.models.dagbag.DagBag","filename":"dagbag.py","lineno":593}
{"timestamp":"2025-12-18T10:15:45.333886Z","level":"info","event":"Filling up the DagBag from /opt/airflow/dags/lakehouse.py","logger":"airflow.models.dagbag.DagBag","filename":"dagbag.py","lineno":593}
{"timestamp":"2025-12-18T10:16:15.718753Z","level":"info","event":"Filling up the DagBag from /opt/airflow/dags/lakehouse.py","logger":"airflow.models.dagbag.DagBag","filename":"dagbag.py","lineno":593}
{"timestamp":"2025-12-18T10:16:46.178140Z","level":"info","event":"Filling up the DagBag from /opt/airflow/dags/lakehouse.py","logger":"airflow.models.dagbag.DagBag","filename":"dagbag.py","lineno":593}
{"timestamp":"2025-12-18T10:17:16.566452Z","level":"info","event":"Filling up the DagBag from /opt/airflow/dags/lakehouse.py","logger":"airflow.models.dagbag.DagBag","filename":"dagbag.py","lineno":593}
{"timestamp":"2025-12-18T10:17:47.074696Z","level":"info","event":"Filling up the DagBag from /opt/airflow/dags/lakehouse.py","logger":"airflow.models.dagbag.DagBag","filename":"dagbag.py","lineno":593}
{"timestamp":"2025-12-18T10:18:17.533002Z","level":"info","event":"Filling up the DagBag from /opt/airflow/dags/lakehouse.py","logger":"airflow.models.dagbag.DagBag","filename":"dagbag.py","lineno":593}
{"timestamp":"2025-12-18T10:18:48.029111Z","level":"info","event":"Filling up the DagBag from /opt/airflow/dags/lakehouse.py","logger":"airflow.models.dagbag.DagBag","filename":"dagbag.py","lineno":593}
{"timestamp":"2025-12-18T10:19:18.450670Z","level":"info","event":"Filling up the DagBag from /opt/airflow/dags/lakehouse.py","logger":"airflow.models.dagbag.DagBag","filename":"dagbag.py","lineno":593}
{"timestamp":"2025-12-18T10:19:49.296552Z","level":"info","event":"Filling up the DagBag from /opt/airflow/dags/lakehouse.py","logger":"airflow.models.dagbag.DagBag","filename":"dagbag.py","lineno":593}
{"timestamp":"2025-12-18T10:20:19.747061Z","level":"info","event":"Filling up the DagBag from /opt/airflow/dags/lakehouse.py","logger":"airflow.models.dagbag.DagBag","filename":"dagbag.py","lineno":593}
{"timestamp":"2025-12-18T10:20:50.214846Z","level":"info","event":"Filling up the DagBag from /opt/airflow/dags/lakehouse.py","logger":"airflow.models.dagbag.DagBag","filename":"dagbag.py","lineno":593}
{"timestamp":"2025-12-18T10:21:20.685409Z","level":"info","event":"Filling up the DagBag from /opt/airflow/dags/lakehouse.py","logger":"airflow.models.dagbag.DagBag","filename":"dagbag.py","lineno":593}
{"timestamp":"2025-12-18T10:21:51.087181Z","level":"info","event":"Filling up the DagBag from /opt/airflow/dags/lakehouse.py","logger":"airflow.models.dagbag.DagBag","filename":"dagbag.py","lineno":593}
{"timestamp":"2025-12-18T10:22:21.449073Z","level":"info","event":"Filling up the DagBag from /opt/airflow/dags/lakehouse.py","logger":"airflow.models.dagbag.DagBag","filename":"dagbag.py","lineno":593}
{"timestamp":"2025-12-18T10:22:51.905377Z","level":"info","event":"Filling up the DagBag from /opt/airflow/dags/lakehouse.py","logger":"airflow.models.dagbag.DagBag","filename":"dagbag.py","lineno":593}
{"timestamp":"2025-12-18T10:23:22.573906Z","level":"info","event":"Filling up the DagBag from /opt/airflow/dags/lakehouse.py","logger":"airflow.models.dagbag.DagBag","filename":"dagbag.py","lineno":593}
{"timestamp":"2025-12-18T10:23:53.062931Z","level":"info","event":"Filling up the DagBag from /opt/airflow/dags/lakehouse.py","logger":"airflow.models.dagbag.DagBag","filename":"dagbag.py","lineno":593}
{"timestamp":"2025-12-18T10:24:23.567172Z","level":"info","event":"Filling up the DagBag from /opt/airflow/dags/lakehouse.py","logger":"airflow.models.dagbag.DagBag","filename":"dagbag.py","lineno":593}
{"timestamp":"2025-12-18T10:24:54.035670Z","level":"info","event":"Filling up the DagBag from /opt/airflow/dags/lakehouse.py","logger":"airflow.models.dagbag.DagBag","filename":"dagbag.py","lineno":593}
{"timestamp":"2025-12-18T10:25:24.494219Z","level":"info","event":"Filling up the DagBag from /opt/airflow/dags/lakehouse.py","logger":"airflow.models.dagbag.DagBag","filename":"dagbag.py","lineno":593}
{"timestamp":"2025-12-18T10:25:54.956494Z","level":"info","event":"Filling up the DagBag from /opt/airflow/dags/lakehouse.py","logger":"airflow.models.dagbag.DagBag","filename":"dagbag.py","lineno":593}
{"timestamp":"2025-12-18T10:26:25.324690Z","level":"info","event":"Filling up the DagBag from /opt/airflow/dags/lakehouse.py","logger":"airflow.models.dagbag.DagBag","filename":"dagbag.py","lineno":593}
{"timestamp":"2025-12-18T10:26:55.748000Z","level":"info","event":"Filling up the DagBag from /opt/airflow/dags/lakehouse.py","logger":"airflow.models.dagbag.DagBag","filename":"dagbag.py","lineno":593}
{"timestamp":"2025-12-18T10:27:26.242091Z","level":"info","event":"Filling up the DagBag from /opt/airflow/dags/lakehouse.py","logger":"airflow.models.dagbag.DagBag","filename":"dagbag.py","lineno":593}
{"timestamp":"2025-12-18T10:27:56.639233Z","level":"info","event":"Filling up the DagBag from /opt/airflow/dags/lakehouse.py","logger":"airflow.models.dagbag.DagBag","filename":"dagbag.py","lineno":593}
{"timestamp":"2025-12-18T10:28:27.058532Z","level":"info","event":"Filling up the DagBag from /opt/airflow/dags/lakehouse.py","logger":"airflow.models.dagbag.DagBag","filename":"dagbag.py","lineno":593}
{"timestamp":"2025-12-18T10:28:57.518402Z","level":"info","event":"Filling up the DagBag from /opt/airflow/dags/lakehouse.py","logger":"airflow.models.dagbag.DagBag","filename":"dagbag.py","lineno":593}
{"timestamp":"2025-12-18T10:29:28.033536Z","level":"info","event":"Filling up the DagBag from /opt/airflow/dags/lakehouse.py","logger":"airflow.models.dagbag.DagBag","filename":"dagbag.py","lineno":593}
{"timestamp":"2025-12-18T10:29:58.451544Z","level":"info","event":"Filling up the DagBag from /opt/airflow/dags/lakehouse.py","logger":"airflow.models.dagbag.DagBag","filename":"dagbag.py","lineno":593}
{"timestamp":"2025-12-18T10:30:28.852659Z","level":"info","event":"Filling up the DagBag from /opt/airflow/dags/lakehouse.py","logger":"airflow.models.dagbag.DagBag","filename":"dagbag.py","lineno":593}
{"timestamp":"2025-12-18T10:30:59.317366Z","level":"info","event":"Filling up the DagBag from /opt/airflow/dags/lakehouse.py","logger":"airflow.models.dagbag.DagBag","filename":"dagbag.py","lineno":593}
{"timestamp":"2025-12-18T10:31:29.733456Z","level":"info","event":"Filling up the DagBag from /opt/airflow/dags/lakehouse.py","logger":"airflow.models.dagbag.DagBag","filename":"dagbag.py","lineno":593}
{"timestamp":"2025-12-18T10:32:00.139907Z","level":"info","event":"Filling up the DagBag from /opt/airflow/dags/lakehouse.py","logger":"airflow.models.dagbag.DagBag","filename":"dagbag.py","lineno":593}
{"timestamp":"2025-12-18T10:32:30.570331Z","level":"info","event":"Filling up the DagBag from /opt/airflow/dags/lakehouse.py","logger":"airflow.models.dagbag.DagBag","filename":"dagbag.py","lineno":593}
{"timestamp":"2025-12-18T10:33:01.087259Z","level":"info","event":"Filling up the DagBag from /opt/airflow/dags/lakehouse.py","logger":"airflow.models.dagbag.DagBag","filename":"dagbag.py","lineno":593}
{"timestamp":"2025-12-18T10:33:31.511350Z","level":"info","event":"Filling up the DagBag from /opt/airflow/dags/lakehouse.py","logger":"airflow.models.dagbag.DagBag","filename":"dagbag.py","lineno":593}
{"timestamp":"2025-12-18T10:34:02.009262Z","level":"info","event":"Filling up the DagBag from /opt/airflow/dags/lakehouse.py","logger":"airflow.models.dagbag.DagBag","filename":"dagbag.py","lineno":593}
{"timestamp":"2025-12-18T10:34:32.486025Z","level":"info","event":"Filling up the DagBag from /opt/airflow/dags/lakehouse.py","logger":"airflow.models.dagbag.DagBag","filename":"dagbag.py","lineno":593}
{"timestamp":"2025-12-18T10:35:02.975007Z","level":"info","event":"Filling up the DagBag from /opt/airflow/dags/lakehouse.py","logger":"airflow.models.dagbag.DagBag","filename":"dagbag.py","lineno":593}
{"timestamp":"2025-12-18T10:35:33.372831Z","level":"info","event":"Filling up the DagBag from /opt/airflow/dags/lakehouse.py","logger":"airflow.models.dagbag.DagBag","filename":"dagbag.py","lineno":593}
{"timestamp":"2025-12-18T10:36:03.777434Z","level":"info","event":"Filling up the DagBag from /opt/airflow/dags/lakehouse.py","logger":"airflow.models.dagbag.DagBag","filename":"dagbag.py","lineno":593}
{"timestamp":"2025-12-18T10:36:34.220338Z","level":"info","event":"Filling up the DagBag from /opt/airflow/dags/lakehouse.py","logger":"airflow.models.dagbag.DagBag","filename":"dagbag.py","lineno":593}
{"timestamp":"2025-12-18T10:37:04.691764Z","level":"info","event":"Filling up the DagBag from /opt/airflow/dags/lakehouse.py","logger":"airflow.models.dagbag.DagBag","filename":"dagbag.py","lineno":593}
{"timestamp":"2025-12-18T10:37:35.060846Z","level":"info","event":"Filling up the DagBag from /opt/airflow/dags/lakehouse.py","logger":"airflow.models.dagbag.DagBag","filename":"dagbag.py","lineno":593}
{"timestamp":"2025-12-18T10:38:05.512793Z","level":"info","event":"Filling up the DagBag from /opt/airflow/dags/lakehouse.py","logger":"airflow.models.dagbag.DagBag","filename":"dagbag.py","lineno":593}
{"timestamp":"2025-12-18T10:38:35.914322Z","level":"info","event":"Filling up the DagBag from /opt/airflow/dags/lakehouse.py","logger":"airflow.models.dagbag.DagBag","filename":"dagbag.py","lineno":593}
{"timestamp":"2025-12-18T10:39:06.387058Z","level":"info","event":"Filling up the DagBag from /opt/airflow/dags/lakehouse.py","logger":"airflow.models.dagbag.DagBag","filename":"dagbag.py","lineno":593}
{"timestamp":"2025-12-18T10:39:36.896690Z","level":"info","event":"Filling up the DagBag from /opt/airflow/dags/lakehouse.py","logger":"airflow.models.dagbag.DagBag","filename":"dagbag.py","lineno":593}
{"timestamp":"2025-12-18T10:40:07.292736Z","level":"info","event":"Filling up the DagBag from /opt/airflow/dags/lakehouse.py","logger":"airflow.models.dagbag.DagBag","filename":"dagbag.py","lineno":593}
{"timestamp":"2025-12-18T10:40:37.702811Z","level":"info","event":"Filling up the DagBag from /opt/airflow/dags/lakehouse.py","logger":"airflow.models.dagbag.DagBag","filename":"dagbag.py","lineno":593}
{"timestamp":"2025-12-18T10:40:56.963401Z","level":"info","event":"Filling up the DagBag from /opt/airflow/dags/lakehouse.py","logger":"airflow.models.dagbag.DagBag","filename":"dagbag.py","lineno":593}
{"timestamp":"2025-12-18T10:40:56.985298Z","level":"warning","event":"The `airflow.operators.bash.BashOperator` attribute is deprecated. Please use `'airflow.providers.standard.operators.bash.BashOperator'`.","category":"DeprecatedImportWarning","filename":"/opt/airflow/dags/lakehouse.py","lineno":2,"logger":"py.warnings"}
{"timestamp":"2025-12-18T10:41:15.291678Z","level":"info","event":"Filling up the DagBag from /opt/airflow/dags/lakehouse.py","logger":"airflow.models.dagbag.DagBag","filename":"dagbag.py","lineno":593}
{"timestamp":"2025-12-18T10:43:39.539718Z","level":"info","event":"Filling up the DagBag from /opt/airflow/dags/lakehouse.py","logger":"airflow.models.dagbag.DagBag","filename":"dagbag.py","lineno":593}
{"timestamp":"2025-12-18T10:44:13.211008Z","level":"info","event":"Filling up the DagBag from /opt/airflow/dags/lakehouse.py","logger":"airflow.models.dagbag.DagBag","filename":"dagbag.py","lineno":593}
{"timestamp":"2025-12-18T10:44:43.685258Z","level":"info","event":"Filling up the DagBag from /opt/airflow/dags/lakehouse.py","logger":"airflow.models.dagbag.DagBag","filename":"dagbag.py","lineno":593}
{"timestamp":"2025-12-18T10:45:14.087166Z","level":"info","event":"Filling up the DagBag from /opt/airflow/dags/lakehouse.py","logger":"airflow.models.dagbag.DagBag","filename":"dagbag.py","lineno":593}
{"timestamp":"2025-12-18T10:45:44.521674Z","level":"info","event":"Filling up the DagBag from /opt/airflow/dags/lakehouse.py","logger":"airflow.models.dagbag.DagBag","filename":"dagbag.py","lineno":593}
{"timestamp":"2025-12-18T10:48:42.169246Z","level":"info","event":"Filling up the DagBag from /opt/airflow/dags/lakehouse.py","logger":"airflow.models.dagbag.DagBag","filename":"dagbag.py","lineno":593}
{"timestamp":"2025-12-18T10:49:18.854017Z","level":"info","event":"Filling up the DagBag from /opt/airflow/dags/lakehouse.py","logger":"airflow.models.dagbag.DagBag","filename":"dagbag.py","lineno":593}
{"timestamp":"2025-12-18T10:49:49.599819Z","level":"info","event":"Filling up the DagBag from /opt/airflow/dags/lakehouse.py","logger":"airflow.models.dagbag.DagBag","filename":"dagbag.py","lineno":593}
{"timestamp":"2025-12-18T10:51:47.122515Z","level":"info","event":"Filling up the DagBag from /opt/airflow/dags/lakehouse.py","logger":"airflow.models.dagbag.DagBag","filename":"dagbag.py","lineno":593}
{"timestamp":"2025-12-18T10:52:20.899830Z","level":"info","event":"Filling up the DagBag from /opt/airflow/dags/lakehouse.py","logger":"airflow.models.dagbag.DagBag","filename":"dagbag.py","lineno":593}
{"timestamp":"2025-12-18T10:52:51.253869Z","level":"info","event":"Filling up the DagBag from /opt/airflow/dags/lakehouse.py","logger":"airflow.models.dagbag.DagBag","filename":"dagbag.py","lineno":593}
{"timestamp":"2025-12-18T10:53:21.650819Z","level":"info","event":"Filling up the DagBag from /opt/airflow/dags/lakehouse.py","logger":"airflow.models.dagbag.DagBag","filename":"dagbag.py","lineno":593}
{"timestamp":"2025-12-18T10:53:52.100131Z","level":"info","event":"Filling up the DagBag from /opt/airflow/dags/lakehouse.py","logger":"airflow.models.dagbag.DagBag","filename":"dagbag.py","lineno":593}
{"timestamp":"2025-12-18T10:54:22.491874Z","level":"info","event":"Filling up the DagBag from /opt/airflow/dags/lakehouse.py","logger":"airflow.models.dagbag.DagBag","filename":"dagbag.py","lineno":593}
{"timestamp":"2025-12-18T10:54:52.893794Z","level":"info","event":"Filling up the DagBag from /opt/airflow/dags/lakehouse.py","logger":"airflow.models.dagbag.DagBag","filename":"dagbag.py","lineno":593}
{"timestamp":"2025-12-18T10:55:23.356346Z","level":"info","event":"Filling up the DagBag from /opt/airflow/dags/lakehouse.py","logger":"airflow.models.dagbag.DagBag","filename":"dagbag.py","lineno":593}
{"timestamp":"2025-12-18T10:55:53.789322Z","level":"info","event":"Filling up the DagBag from /opt/airflow/dags/lakehouse.py","logger":"airflow.models.dagbag.DagBag","filename":"dagbag.py","lineno":593}
{"timestamp":"2025-12-18T10:56:24.128830Z","level":"info","event":"Filling up the DagBag from /opt/airflow/dags/lakehouse.py","logger":"airflow.models.dagbag.DagBag","filename":"dagbag.py","lineno":593}
{"timestamp":"2025-12-18T10:56:54.520049Z","level":"info","event":"Filling up the DagBag from /opt/airflow/dags/lakehouse.py","logger":"airflow.models.dagbag.DagBag","filename":"dagbag.py","lineno":593}
{"timestamp":"2025-12-18T10:57:25.082380Z","level":"info","event":"Filling up the DagBag from /opt/airflow/dags/lakehouse.py","logger":"airflow.models.dagbag.DagBag","filename":"dagbag.py","lineno":593}
{"timestamp":"2025-12-18T10:57:55.677490Z","level":"info","event":"Filling up the DagBag from /opt/airflow/dags/lakehouse.py","logger":"airflow.models.dagbag.DagBag","filename":"dagbag.py","lineno":593}
{"timestamp":"2025-12-18T10:58:26.069213Z","level":"info","event":"Filling up the DagBag from /opt/airflow/dags/lakehouse.py","logger":"airflow.models.dagbag.DagBag","filename":"dagbag.py","lineno":593}
{"timestamp":"2025-12-18T10:58:56.430438Z","level":"info","event":"Filling up the DagBag from /opt/airflow/dags/lakehouse.py","logger":"airflow.models.dagbag.DagBag","filename":"dagbag.py","lineno":593}
{"timestamp":"2025-12-18T10:59:26.862075Z","level":"info","event":"Filling up the DagBag from /opt/airflow/dags/lakehouse.py","logger":"airflow.models.dagbag.DagBag","filename":"dagbag.py","lineno":593}
{"timestamp":"2025-12-18T10:59:57.257269Z","level":"info","event":"Filling up the DagBag from /opt/airflow/dags/lakehouse.py","logger":"airflow.models.dagbag.DagBag","filename":"dagbag.py","lineno":593}
{"timestamp":"2025-12-18T11:00:27.712920Z","level":"info","event":"Filling up the DagBag from /opt/airflow/dags/lakehouse.py","logger":"airflow.models.dagbag.DagBag","filename":"dagbag.py","lineno":593}
{"timestamp":"2025-12-18T11:00:58.118731Z","level":"info","event":"Filling up the DagBag from /opt/airflow/dags/lakehouse.py","logger":"airflow.models.dagbag.DagBag","filename":"dagbag.py","lineno":593}
{"timestamp":"2025-12-18T11:01:28.538685Z","level":"info","event":"Filling up the DagBag from /opt/airflow/dags/lakehouse.py","logger":"airflow.models.dagbag.DagBag","filename":"dagbag.py","lineno":593}
{"timestamp":"2025-12-18T11:01:58.988570Z","level":"info","event":"Filling up the DagBag from /opt/airflow/dags/lakehouse.py","logger":"airflow.models.dagbag.DagBag","filename":"dagbag.py","lineno":593}
{"timestamp":"2025-12-18T11:02:29.411735Z","level":"info","event":"Filling up the DagBag from /opt/airflow/dags/lakehouse.py","logger":"airflow.models.dagbag.DagBag","filename":"dagbag.py","lineno":593}
{"timestamp":"2025-12-18T11:02:59.789234Z","level":"info","event":"Filling up the DagBag from /opt/airflow/dags/lakehouse.py","logger":"airflow.models.dagbag.DagBag","filename":"dagbag.py","lineno":593}
{"timestamp":"2025-12-18T11:03:30.205427Z","level":"info","event":"Filling up the DagBag from /opt/airflow/dags/lakehouse.py","logger":"airflow.models.dagbag.DagBag","filename":"dagbag.py","lineno":593}
{"timestamp":"2025-12-18T11:04:00.621953Z","level":"info","event":"Filling up the DagBag from /opt/airflow/dags/lakehouse.py","logger":"airflow.models.dagbag.DagBag","filename":"dagbag.py","lineno":593}
{"timestamp":"2025-12-18T11:04:31.147891Z","level":"info","event":"Filling up the DagBag from /opt/airflow/dags/lakehouse.py","logger":"airflow.models.dagbag.DagBag","filename":"dagbag.py","lineno":593}
{"timestamp":"2025-12-18T11:05:01.578832Z","level":"info","event":"Filling up the DagBag from /opt/airflow/dags/lakehouse.py","logger":"airflow.models.dagbag.DagBag","filename":"dagbag.py","lineno":593}
{"timestamp":"2025-12-18T11:05:32.063425Z","level":"info","event":"Filling up the DagBag from /opt/airflow/dags/lakehouse.py","logger":"airflow.models.dagbag.DagBag","filename":"dagbag.py","lineno":593}
{"timestamp":"2025-12-18T11:06:02.490327Z","level":"info","event":"Filling up the DagBag from /opt/airflow/dags/lakehouse.py","logger":"airflow.models.dagbag.DagBag","filename":"dagbag.py","lineno":593}
{"timestamp":"2025-12-18T11:06:32.891336Z","level":"info","event":"Filling up the DagBag from /opt/airflow/dags/lakehouse.py","logger":"airflow.models.dagbag.DagBag","filename":"dagbag.py","lineno":593}
{"timestamp":"2025-12-18T11:07:03.277497Z","level":"info","event":"Filling up the DagBag from /opt/airflow/dags/lakehouse.py","logger":"airflow.models.dagbag.DagBag","filename":"dagbag.py","lineno":593}
{"timestamp":"2025-12-18T11:07:33.804844Z","level":"info","event":"Filling up the DagBag from /opt/airflow/dags/lakehouse.py","logger":"airflow.models.dagbag.DagBag","filename":"dagbag.py","lineno":593}
{"timestamp":"2025-12-18T11:08:04.198648Z","level":"info","event":"Filling up the DagBag from /opt/airflow/dags/lakehouse.py","logger":"airflow.models.dagbag.DagBag","filename":"dagbag.py","lineno":593}
{"timestamp":"2025-12-18T11:08:34.623585Z","level":"info","event":"Filling up the DagBag from /opt/airflow/dags/lakehouse.py","logger":"airflow.models.dagbag.DagBag","filename":"dagbag.py","lineno":593}
{"timestamp":"2025-12-18T11:11:10.953979Z","level":"info","event":"Filling up the DagBag from /opt/airflow/dags/lakehouse.py","logger":"airflow.models.dagbag.DagBag","filename":"dagbag.py","lineno":593}
{"timestamp":"2025-12-18T11:11:44.487462Z","level":"info","event":"Filling up the DagBag from /opt/airflow/dags/lakehouse.py","logger":"airflow.models.dagbag.DagBag","filename":"dagbag.py","lineno":593}
{"timestamp":"2025-12-18T11:12:14.887806Z","level":"info","event":"Filling up the DagBag from /opt/airflow/dags/lakehouse.py","logger":"airflow.models.dagbag.DagBag","filename":"dagbag.py","lineno":593}
{"timestamp":"2025-12-18T11:12:45.306068Z","level":"info","event":"Filling up the DagBag from /opt/airflow/dags/lakehouse.py","logger":"airflow.models.dagbag.DagBag","filename":"dagbag.py","lineno":593}
{"timestamp":"2025-12-18T11:15:57.157647Z","level":"info","event":"Filling up the DagBag from /opt/airflow/dags/lakehouse.py","logger":"airflow.models.dagbag.DagBag","filename":"dagbag.py","lineno":593}
{"timestamp":"2025-12-18T11:16:30.428262Z","level":"info","event":"Filling up the DagBag from /opt/airflow/dags/lakehouse.py","logger":"airflow.models.dagbag.DagBag","filename":"dagbag.py","lineno":593}
{"timestamp":"2025-12-18T11:17:00.798449Z","level":"info","event":"Filling up the DagBag from /opt/airflow/dags/lakehouse.py","logger":"airflow.models.dagbag.DagBag","filename":"dagbag.py","lineno":593}
{"timestamp":"2025-12-18T11:17:31.256940Z","level":"info","event":"Filling up the DagBag from /opt/airflow/dags/lakehouse.py","logger":"airflow.models.dagbag.DagBag","filename":"dagbag.py","lineno":593}
{"timestamp":"2025-12-18T11:18:01.688110Z","level":"info","event":"Filling up the DagBag from /opt/airflow/dags/lakehouse.py","logger":"airflow.models.dagbag.DagBag","filename":"dagbag.py","lineno":593}
{"timestamp":"2025-12-18T11:18:32.073656Z","level":"info","event":"Filling up the DagBag from /opt/airflow/dags/lakehouse.py","logger":"airflow.models.dagbag.DagBag","filename":"dagbag.py","lineno":593}
{"timestamp":"2025-12-18T11:19:02.514435Z","level":"info","event":"Filling up the DagBag from /opt/airflow/dags/lakehouse.py","logger":"airflow.models.dagbag.DagBag","filename":"dagbag.py","lineno":593}
{"timestamp":"2025-12-18T11:19:32.930303Z","level":"info","event":"Filling up the DagBag from /opt/airflow/dags/lakehouse.py","logger":"airflow.models.dagbag.DagBag","filename":"dagbag.py","lineno":593}
{"timestamp":"2025-12-18T11:20:03.442581Z","level":"info","event":"Filling up the DagBag from /opt/airflow/dags/lakehouse.py","logger":"airflow.models.dagbag.DagBag","filename":"dagbag.py","lineno":593}
{"timestamp":"2025-12-18T11:20:33.888745Z","level":"info","event":"Filling up the DagBag from /opt/airflow/dags/lakehouse.py","logger":"airflow.models.dagbag.DagBag","filename":"dagbag.py","lineno":593}
{"timestamp":"2025-12-18T11:21:04.310618Z","level":"info","event":"Filling up the DagBag from /opt/airflow/dags/lakehouse.py","logger":"airflow.models.dagbag.DagBag","filename":"dagbag.py","lineno":593}
{"timestamp":"2025-12-18T11:21:34.691966Z","level":"info","event":"Filling up the DagBag from /opt/airflow/dags/lakehouse.py","logger":"airflow.models.dagbag.DagBag","filename":"dagbag.py","lineno":593}
{"timestamp":"2025-12-18T11:22:05.142267Z","level":"info","event":"Filling up the DagBag from /opt/airflow/dags/lakehouse.py","logger":"airflow.models.dagbag.DagBag","filename":"dagbag.py","lineno":593}
{"timestamp":"2025-12-18T11:22:35.633185Z","level":"info","event":"Filling up the DagBag from /opt/airflow/dags/lakehouse.py","logger":"airflow.models.dagbag.DagBag","filename":"dagbag.py","lineno":593}
{"timestamp":"2025-12-18T11:23:06.050585Z","level":"info","event":"Filling up the DagBag from /opt/airflow/dags/lakehouse.py","logger":"airflow.models.dagbag.DagBag","filename":"dagbag.py","lineno":593}
{"timestamp":"2025-12-18T11:23:36.475786Z","level":"info","event":"Filling up the DagBag from /opt/airflow/dags/lakehouse.py","logger":"airflow.models.dagbag.DagBag","filename":"dagbag.py","lineno":593}
{"timestamp":"2025-12-18T11:24:06.927620Z","level":"info","event":"Filling up the DagBag from /opt/airflow/dags/lakehouse.py","logger":"airflow.models.dagbag.DagBag","filename":"dagbag.py","lineno":593}
{"timestamp":"2025-12-18T11:24:37.334453Z","level":"info","event":"Filling up the DagBag from /opt/airflow/dags/lakehouse.py","logger":"airflow.models.dagbag.DagBag","filename":"dagbag.py","lineno":593}
{"timestamp":"2025-12-18T11:25:07.784946Z","level":"info","event":"Filling up the DagBag from /opt/airflow/dags/lakehouse.py","logger":"airflow.models.dagbag.DagBag","filename":"dagbag.py","lineno":593}
{"timestamp":"2025-12-18T11:25:38.184099Z","level":"info","event":"Filling up the DagBag from /opt/airflow/dags/lakehouse.py","logger":"airflow.models.dagbag.DagBag","filename":"dagbag.py","lineno":593}
{"timestamp":"2025-12-18T11:26:08.588260Z","level":"info","event":"Filling up the DagBag from /opt/airflow/dags/lakehouse.py","logger":"airflow.models.dagbag.DagBag","filename":"dagbag.py","lineno":593}
{"timestamp":"2025-12-18T11:26:39.025825Z","level":"info","event":"Filling up the DagBag from /opt/airflow/dags/lakehouse.py","logger":"airflow.models.dagbag.DagBag","filename":"dagbag.py","lineno":593}
{"timestamp":"2025-12-18T11:27:09.419908Z","level":"info","event":"Filling up the DagBag from /opt/airflow/dags/lakehouse.py","logger":"airflow.models.dagbag.DagBag","filename":"dagbag.py","lineno":593}
{"timestamp":"2025-12-18T11:27:39.764270Z","level":"info","event":"Filling up the DagBag from /opt/airflow/dags/lakehouse.py","logger":"airflow.models.dagbag.DagBag","filename":"dagbag.py","lineno":593}
{"timestamp":"2025-12-18T11:28:10.155554Z","level":"info","event":"Filling up the DagBag from /opt/airflow/dags/lakehouse.py","logger":"airflow.models.dagbag.DagBag","filename":"dagbag.py","lineno":593}
{"timestamp":"2025-12-18T11:28:40.592184Z","level":"info","event":"Filling up the DagBag from /opt/airflow/dags/lakehouse.py","logger":"airflow.models.dagbag.DagBag","filename":"dagbag.py","lineno":593}
{"timestamp":"2025-12-18T11:29:11.030588Z","level":"info","event":"Filling up the DagBag from /opt/airflow/dags/lakehouse.py","logger":"airflow.models.dagbag.DagBag","filename":"dagbag.py","lineno":593}
{"timestamp":"2025-12-18T11:29:41.534251Z","level":"info","event":"Filling up the DagBag from /opt/airflow/dags/lakehouse.py","logger":"airflow.models.dagbag.DagBag","filename":"dagbag.py","lineno":593}
{"timestamp":"2025-12-18T11:30:11.977609Z","level":"info","event":"Filling up the DagBag from /opt/airflow/dags/lakehouse.py","logger":"airflow.models.dagbag.DagBag","filename":"dagbag.py","lineno":593}
{"timestamp":"2025-12-18T11:30:42.425397Z","level":"info","event":"Filling up the DagBag from /opt/airflow/dags/lakehouse.py","logger":"airflow.models.dagbag.DagBag","filename":"dagbag.py","lineno":593}
{"timestamp":"2025-12-18T11:31:12.866727Z","level":"info","event":"Filling up the DagBag from /opt/airflow/dags/lakehouse.py","logger":"airflow.models.dagbag.DagBag","filename":"dagbag.py","lineno":593}
{"timestamp":"2025-12-18T11:31:43.502079Z","level":"info","event":"Filling up the DagBag from /opt/airflow/dags/lakehouse.py","logger":"airflow.models.dagbag.DagBag","filename":"dagbag.py","lineno":593}
{"timestamp":"2025-12-18T11:32:15.282702Z","level":"info","event":"Filling up the DagBag from /opt/airflow/dags/lakehouse.py","logger":"airflow.models.dagbag.DagBag","filename":"dagbag.py","lineno":593}
{"timestamp":"2025-12-18T11:32:45.786360Z","level":"info","event":"Filling up the DagBag from /opt/airflow/dags/lakehouse.py","logger":"airflow.models.dagbag.DagBag","filename":"dagbag.py","lineno":593}
